<?xml version="1.0" encoding="UTF-8"?>
<!-- Generated by org.testng.reporters.JUnitReportReporter -->
<testsuite hostname="DESKTOP-J5S0LPJ" failures="0" tests="1" name="com.guru99bankProject.testCases.TC_Home" time="0.024" errors="0" timestamp="2024-06-01T12:24:43 IST" skipped="0">
  <testcase classname="com.guru99bankProject.testCases.TC_Home" name="test_HomePageElement" time="0.024"/>
  <system-out/>
</testsuite> <!-- com.guru99bankProject.testCases.TC_Home -->
