<?xml version="1.0" encoding="UTF-8"?>
<!-- Generated by org.testng.reporters.JUnitReportReporter -->
<testsuite hostname="DESKTOP-MGPVI9T" failures="0" tests="1" name="com.p360.Main.testCases.TC_Main_Dashboard" time="22.559" errors="0" timestamp="2023-10-25T10:11:23 IST" skipped="0">
  <testcase classname="com.p360.Main.testCases.TC_Main_Dashboard" name="test_Main_findFreeTrailUser" time="22.559"/>
  <system-out/>
</testsuite> <!-- com.p360.Main.testCases.TC_Main_Dashboard -->
