<?xml version="1.0" encoding="UTF-8"?>
<!-- Generated by org.testng.reporters.JUnitReportReporter -->
<testsuite hostname="DESKTOP-MGPVI9T" failures="0" tests="1" name="com.p360.Main.testCases.TC_Main_Payments" time="66.472" errors="0" timestamp="2023-10-16T18:59:59 IST" skipped="0">
  <testcase classname="com.p360.Main.testCases.TC_Main_Payments" name="test_Main_CheckPaymentUserDetails" time="66.472"/>
  <system-out/>
</testsuite> <!-- com.p360.Main.testCases.TC_Main_Payments -->
