<?xml version="1.0" encoding="UTF-8"?>
<!-- Generated by org.testng.reporters.JUnitReportReporter -->
<testsuite hostname="DESKTOP-J5S0LPJ" failures="0" tests="1" name="com.guru99bankProject.testCases.TC_Home" time="43.704" errors="0" timestamp="2024-06-01T17:44:48 IST" skipped="0">
  <testcase classname="com.guru99bankProject.testCases.TC_Home" name="test_HomePageMenus" time="43.704"/>
  <system-out/>
</testsuite> <!-- com.guru99bankProject.testCases.TC_Home -->
