<?xml version="1.0" encoding="UTF-8"?>
<!-- Generated by org.testng.reporters.JUnitReportReporter -->
<testsuite hostname="JKL029" failures="0" tests="1" name="com.guru99bankProject.testCases.TC_Home" time="30.618" errors="0" timestamp="2024-06-03T12:15:53 IST" skipped="0">
  <testcase classname="com.guru99bankProject.testCases.TC_Home" name="test_HomePageMenus" time="30.618"/>
  <system-out/>
</testsuite> <!-- com.guru99bankProject.testCases.TC_Home -->
