<?xml version="1.0" encoding="UTF-8"?>
<!-- Generated by org.testng.reporters.JUnitReportReporter -->
<testsuite hostname="JKL029" failures="0" tests="1" name="com.guru99bankProject.testCases.TC_EditNewCustomer" time="10.941" errors="0" timestamp="2024-06-04T11:22:59 IST" skipped="0">
  <testcase classname="com.guru99bankProject.testCases.TC_EditNewCustomer" name="test_EditNewCustomer" time="10.941"/>
  <system-out/>
</testsuite> <!-- com.guru99bankProject.testCases.TC_EditNewCustomer -->
