<?xml version="1.0" encoding="UTF-8"?>
<!-- Generated by org.testng.reporters.JUnitReportReporter -->
<testsuite hostname="DESKTOP-MGPVI9T" failures="0" tests="1" name="com.p360.Main.testCases.TC_Main_Workouts" time="37.448" errors="0" timestamp="2023-10-18T13:29:36 IST" skipped="0">
  <testcase classname="com.p360.Main.testCases.TC_Main_Workouts" name="test_Main_AddWorkout" time="37.448"/>
  <system-out/>
</testsuite> <!-- com.p360.Main.testCases.TC_Main_Workouts -->
