<?xml version="1.0" encoding="UTF-8"?>
<!-- Generated by org.testng.reporters.JUnitReportReporter -->
<testsuite hostname="DESKTOP-MGPVI9T" failures="0" tests="1" name="com.p360.Main.testCases.TC_Main_Links" time="21.007" errors="0" timestamp="2023-10-18T11:32:15 IST" skipped="0">
  <testcase classname="com.p360.Main.testCases.TC_Main_Links" name="test_Main_AddDocuments" time="21.007"/>
  <system-out/>
</testsuite> <!-- com.p360.Main.testCases.TC_Main_Links -->
