<?xml version="1.0" encoding="UTF-8"?>
<!-- Generated by org.testng.reporters.JUnitReportReporter -->
<testsuite hostname="JKL029" failures="0" tests="1" name="com.guru99bankProject.testCases.TC_AddNewAccount" time="15.182" errors="0" timestamp="2024-06-04T14:01:50 IST" skipped="0">
  <testcase classname="com.guru99bankProject.testCases.TC_AddNewAccount" name="test_AddNewCustomer" time="15.182"/>
  <system-out/>
</testsuite> <!-- com.guru99bankProject.testCases.TC_AddNewAccount -->
