<?xml version="1.0" encoding="UTF-8"?>
<!-- Generated by org.testng.reporters.JUnitReportReporter -->
<testsuite hostname="JKL029" failures="0" tests="1" name="com.guru99bankProject.testCases.TC_AddNewCustomer" time="13.617" errors="0" timestamp="2024-06-03T12:26:55 IST" skipped="0">
  <testcase classname="com.guru99bankProject.testCases.TC_AddNewCustomer" name="test_AddNewCustomer" time="13.617"/>
  <system-out/>
</testsuite> <!-- com.guru99bankProject.testCases.TC_AddNewCustomer -->
