<?xml version="1.0" encoding="UTF-8"?>
<!-- Generated by org.testng.reporters.JUnitReportReporter -->
<testsuite hostname="DESKTOP-MGPVI9T" failures="0" tests="2" name="com.p360.Main.testCases.TC_Main_PromoCodes" time="60.136" errors="0" timestamp="2023-10-16T18:58:02 IST" skipped="0">
  <testcase classname="com.p360.Main.testCases.TC_Main_PromoCodes" name="test_Main_DeActivatePromocode" time="30.093"/>
  <system-out/>
  <testcase classname="com.p360.Main.testCases.TC_Main_PromoCodes" name="test_Main_ActivatePromocode" time="30.043"/>
  <system-out/>
</testsuite> <!-- com.p360.Main.testCases.TC_Main_PromoCodes -->
