<?xml version="1.0" encoding="UTF-8"?>
<!-- Generated by org.testng.reporters.JUnitReportReporter -->
<testsuite hostname="JKL029" failures="0" tests="1" name="com.guru99bankProject.testCases.TC_MiniStatement" time="8.742" errors="0" timestamp="2024-06-07T11:38:56 IST" skipped="0">
  <testcase classname="com.guru99bankProject.testCases.TC_MiniStatement" name="test_MiniStatement" time="8.742"/>
  <system-out/>
</testsuite> <!-- com.guru99bankProject.testCases.TC_MiniStatement -->
