<?xml version="1.0" encoding="UTF-8"?>
<!-- Generated by org.testng.reporters.JUnitReportReporter -->
<testsuite hostname="JKL029" failures="0" tests="1" name="com.guru99bankProject.testCases.TC_DeleteCustomer" time="8.356" errors="0" timestamp="2024-06-04T11:27:28 IST" skipped="0">
  <testcase classname="com.guru99bankProject.testCases.TC_DeleteCustomer" name="test_DeleteNewCustomer" time="8.356"/>
  <system-out/>
</testsuite> <!-- com.guru99bankProject.testCases.TC_DeleteCustomer -->
