<?xml version="1.0" encoding="UTF-8"?>
<!-- Generated by org.testng.reporters.JUnitReportReporter -->
<testsuite hostname="DESKTOP-MGPVI9T" failures="0" tests="1" name="com.p360.Main.testCases.TC_Main_Home" time="48.022" errors="0" timestamp="2023-10-14T10:55:34 IST" skipped="0">
  <testcase classname="com.p360.Main.testCases.TC_Main_Home" name="test_Main_HomePageTabTesting" time="48.022"/>
  <system-out/>
</testsuite> <!-- com.p360.Main.testCases.TC_Main_Home -->
